\BOOKMARK [1][-]{section.1}{\376\377\004\037\004\076\004\101\004\102\004\060\004\075\004\076\004\062\004\072\004\060\000\040\004\067\004\060\004\064\004\060\004\107\004\070}{}% 1
\BOOKMARK [1][-]{section.2}{\376\377\004\042\004\065\004\076\004\100\004\065\004\102\004\070\004\107\004\065\004\101\004\072\004\070\004\065\000\040\004\076\004\101\004\075\004\076\004\062\004\113}{}% 2
\BOOKMARK [2][-]{subsection.2.1}{\376\377\004\027\004\060\004\064\004\060\004\107\004\060\000\040\004\075\004\060\004\070\004\074\004\065\004\075\004\114\004\110\004\070\004\105\000\040\004\072\004\062\004\060\004\064\004\100\004\060\004\102\004\076\004\062}{section.2}% 3
\BOOKMARK [2][-]{subsection.2.2}{\376\377\004\037\004\100\004\076\004\061\004\073\004\065\004\074\004\060\000\040\004\076\004\061\004\103\004\101\004\073\004\076\004\062\004\073\004\065\004\075\004\075\004\076\004\101\004\102\004\070}{section.2}% 4
\BOOKMARK [2][-]{subsection.2.3}{\376\377\004\037\004\065\004\100\004\065\004\076\004\061\004\103\004\107\004\065\004\075\004\070\004\065\000\040\004\070\000\040\004\100\004\065\004\063\004\103\004\073\004\117\004\100\004\070\004\067\004\060\004\106\004\070\004\117}{section.2}% 5
\BOOKMARK [1][-]{section.3}{\376\377\004\036\004\077\004\070\004\101\004\060\004\075\004\070\004\065\000\040\004\074\004\065\004\102\004\076\004\064\004\076\004\062\000\040\004\076\004\077\004\102\004\070\004\074\004\070\004\067\004\060\004\106\004\070\004\070}{}% 6
\BOOKMARK [2][-]{subsection.3.1}{\376\377\004\020\004\075\004\060\004\073\004\070\004\102\004\070\004\107\004\065\004\101\004\072\004\076\004\065\000\040\004\100\004\065\004\110\004\065\004\075\004\070\004\065}{section.3}% 7
\BOOKMARK [2][-]{subsection.3.2}{\376\377\000S\000G\000D\000\040\004\070\000\040\000M\000i\000n\000i\000-\000b\000a\000t\000c\000h\000\040\000G\000D}{section.3}% 8
\BOOKMARK [2][-]{subsection.3.3}{\376\377\004\034\004\065\004\102\004\076\004\064\000\040\004\023\004\060\004\103\004\101\004\101\004\060\040\023\004\035\004\114\004\116\004\102\004\076\004\075\004\060}{section.3}% 9
\BOOKMARK [2][-]{subsection.3.4}{\376\377\004\034\004\065\004\102\004\076\004\064\000\040\004\033\004\065\004\062\004\065\004\075\004\061\004\065\004\100\004\063\004\060\040\023\004\034\004\060\004\100\004\072\004\062\004\060\004\100\004\064\004\102\004\060}{section.3}% 10
\BOOKMARK [1][-]{section.4}{\376\377\004\040\004\065\004\067\004\103\004\073\004\114\004\102\004\060\004\102\004\113}{}% 11
\BOOKMARK [2][-]{subsection.4.1}{\376\377\004\035\004\060\004\061\004\076\004\100\004\113\000\040\004\064\004\060\004\075\004\075\004\113\004\105}{section.4}% 12
\BOOKMARK [2][-]{subsection.4.2}{\376\377\004\021\004\060\004\067\004\076\004\062\004\113\004\065\000\040\004\074\004\076\004\064\004\065\004\073\004\070\000:\000\040\004\101\004\100\004\060\004\062\004\075\004\065\004\075\004\070\004\065\000\040\004\074\004\065\004\102\004\076\004\064\004\076\004\062\000\040\004\076\004\077\004\102\004\070\004\074\004\070\004\067\004\060\004\106\004\070\004\070}{section.4}% 13
\BOOKMARK [3][-]{subsubsection.4.2.1}{\376\377\004\035\004\060\004\061\004\076\004\100\000\040\004\064\004\060\004\075\004\075\004\113\004\105\000\040\000<\000<\000a\000l\000m\000o\000s\000t\000\137\000l\000i\000n\000e\000a\000r\000>\000>}{subsection.4.2}% 14
\BOOKMARK [3][-]{subsubsection.4.2.2}{\376\377\004\035\004\060\004\061\004\076\004\100\000\040\004\064\004\060\004\075\004\075\004\113\004\105\000\040\000<\000<\000n\000o\000n\000l\000i\000n\000e\000a\000r\000>\000>}{subsection.4.2}% 15
\BOOKMARK [3][-]{subsubsection.4.2.3}{\376\377\004\037\004\100\004\070\004\074\004\065\004\100\004\113\000\040\004\060\004\077\004\077\004\100\004\076\004\072\004\101\004\070\004\074\004\060\004\106\004\070\004\070}{subsection.4.2}% 16
\BOOKMARK [2][-]{subsection.4.3}{\376\377\004\022\004\073\004\070\004\117\004\075\004\070\004\065\000\040\004\100\004\060\004\067\004\074\004\065\004\100\004\060\000\040\004\061\004\060\004\102\004\107\004\060}{section.4}% 17
\BOOKMARK [2][-]{subsection.4.4}{\376\377\004\040\004\065\004\063\004\103\004\073\004\117\004\100\004\070\004\067\004\060\004\106\004\070\004\117}{section.4}% 18
\BOOKMARK [2][-]{subsection.4.5}{\376\377\000G\000a\000u\000s\000s\000-\000N\000e\000w\000t\000o\000n\000\040\000v\000s\000\040\000L\000e\000v\000e\000n\000b\000e\000r\000g\000-\000M\000a\000r\000q\000u\000a\000r\000d\000t\000\040\004\075\004\060\000\040\004\077\004\073\004\076\004\105\004\076\000\040\004\076\004\061\004\103\004\101\004\073\004\076\004\062\004\073\004\065\004\075\004\075\004\076\004\071\000\040\004\067\004\060\004\064\004\060\004\107\004\065}{section.4}% 19
\BOOKMARK [1][-]{section.5}{\376\377\004\041\004\100\004\060\004\062\004\075\004\065\004\075\004\070\004\065\000\040\004\074\004\065\004\102\004\076\004\064\004\076\004\062}{}% 20
\BOOKMARK [1][-]{section.6}{\376\377\004\022\004\113\004\062\004\076\004\064\004\113}{}% 21
